#
# A fatal error has been detected by the Java Runtime Environment:
#
# java.lang.OutOfMemoryError: Cannot create GC thread. Out of system resources.
#
#  Internal Error (gcTaskThread.cpp:38), pid=17536, tid=4139768688
#  Error: Cannot create GC thread. Out of system resources.
#
# JRE version: 6.0_17-b04
# Java VM: Java HotSpot(TM) Server VM (14.3-b01 mixed mode linux-x86 )
# If you would like to submit a bug report, please visit:
#   http://java.sun.com/webapps/bugreport/crash.jsp
#

---------------  T H R E A D  ---------------

Current thread (0xf6a04c00):  JavaThread "Unknown thread" [_thread_in_vm, id=17538, stack(0xf6bad000,0xf6bfe000)]

Stack: [0xf6bad000,0xf6bfe000],  sp=0xf6bfce40,  free space=319k
Native frames: (J=compiled Java code, j=interpreted, Vv=VM code, C=native code)
V  [libjvm.so+0x64faba]
V  [libjvm.so+0x291cff]
V  [libjvm.so+0x30dd77]
V  [libjvm.so+0x30c9de]
V  [libjvm.so+0x542530]
V  [libjvm.so+0x62b12a]
V  [libjvm.so+0x62ae17]
V  [libjvm.so+0x3470f8]
V  [libjvm.so+0x6144ad]
V  [libjvm.so+0x39c3c6]
C  [java+0x305c]
C  [java+0x1942]  JavaMain+0x72
C  [libpthread.so.0+0x6b39]


---------------  P R O C E S S  ---------------

Java Threads: ( => current thread )

Other Threads:

=>0xf6a04c00 (exited) JavaThread "Unknown thread" [_thread_in_vm, id=17538, stack(0xf6bad000,0xf6bfe000)]

VM state:not at safepoint (not fully initialized)

VM Mutex/Monitor currently owned by a thread: None

Dynamic libraries:
00be8000-00c06000 r-xp 00000000 fd:00 792557                             /lib/ld-2.12.so
00c06000-00c07000 r-xp 0001d000 fd:00 792557                             /lib/ld-2.12.so
00c07000-00c08000 rwxp 0001e000 fd:00 792557                             /lib/ld-2.12.so
00c0a000-00d9b000 r-xp 00000000 fd:00 795095                             /lib/libc-2.12.so
00d9b000-00d9d000 r-xp 00191000 fd:00 795095                             /lib/libc-2.12.so
00d9d000-00d9e000 rwxp 00193000 fd:00 795095                             /lib/libc-2.12.so
00d9e000-00da1000 rwxp 00000000 00:00 0 
00da3000-00da6000 r-xp 00000000 fd:00 795162                             /lib/libdl-2.12.so
00da6000-00da7000 r-xp 00002000 fd:00 795162                             /lib/libdl-2.12.so
00da7000-00da8000 rwxp 00003000 fd:00 795162                             /lib/libdl-2.12.so
00daa000-00db1000 r-xp 00000000 fd:00 795236                             /lib/librt-2.12.so
00db1000-00db2000 r-xp 00006000 fd:00 795236                             /lib/librt-2.12.so
00db2000-00db3000 rwxp 00007000 fd:00 795236                             /lib/librt-2.12.so
00db5000-00dcc000 r-xp 00000000 fd:00 795212                             /lib/libpthread-2.12.so
00dcc000-00dcd000 r-xp 00016000 fd:00 795212                             /lib/libpthread-2.12.so
00dcd000-00dce000 rwxp 00017000 fd:00 795212                             /lib/libpthread-2.12.so
00dce000-00dd0000 rwxp 00000000 00:00 0 
00dd2000-00dfa000 r-xp 00000000 fd:00 787205                             /lib/libm-2.12.so
00dfa000-00dfb000 r-xp 00027000 fd:00 787205                             /lib/libm-2.12.so
00dfb000-00dfc000 rwxp 00028000 fd:00 787205                             /lib/libm-2.12.so
08048000-08052000 r-xp 00000000 fd:00 1059626                            /usr/java/jdk1.6.0_17/bin/java
08052000-08053000 rwxp 00009000 fd:00 1059626                            /usr/java/jdk1.6.0_17/bin/java
097c7000-097e8000 rwxp 00000000 00:00 0                                  [heap]
af100000-af121000 rwxp 00000000 00:00 0 
af121000-af200000 ---p 00000000 00:00 0 
af27f000-af280000 ---p 00000000 00:00 0 
af280000-af300000 rwxp 00000000 00:00 0 
af300000-af321000 rwxp 00000000 00:00 0 
af321000-af400000 ---p 00000000 00:00 0 
af455000-af456000 ---p 00000000 00:00 0 
af456000-af4d6000 rwxp 00000000 00:00 0 
af4d6000-af4d7000 ---p 00000000 00:00 0 
af4d7000-af636000 rwxp 00000000 00:00 0 
af636000-af71f000 rwxp 00000000 00:00 0 
af71f000-af727000 rwxp 00000000 00:00 0 
af727000-af73f000 rwxp 00000000 00:00 0 
af73f000-af81e000 rwxp 00000000 00:00 0 
af81e000-af906000 rwxp 00000000 00:00 0 
af906000-af922000 rwxp 00000000 00:00 0 
af922000-af93f000 rwxp 00000000 00:00 0 
af93f000-b0940000 rwxp 00000000 00:00 0 
b0940000-b3940000 rwxp 00000000 00:00 0 
b3940000-cf6b0000 rwxp 00000000 00:00 0 
cf6b0000-ec780000 rwxp 00000000 00:00 0 
ec780000-eff20000 rwxp 00000000 00:00 0 
eff20000-f3940000 rwxp 00000000 00:00 0 
f3940000-f3949000 rwxp 00000000 00:00 0 
f3949000-f3a00000 rwxp 00000000 00:00 0 
f3a00000-f3c40000 rwxp 00000000 00:00 0 
f3c40000-f6a21000 rwxp 00000000 00:00 0 
f6a21000-f6b00000 ---p 00000000 00:00 0 
f6b1d000-f6b25000 rwxp 00000000 00:00 0 
f6b25000-f6b3d000 rwxp 00000000 00:00 0 
f6b3d000-f6b49000 r-xp 00000000 fd:00 795137                             /lib/libnss_files-2.12.so
f6b49000-f6b4a000 r-xp 0000b000 fd:00 795137                             /lib/libnss_files-2.12.so
f6b4a000-f6b4b000 rwxp 0000c000 fd:00 795137                             /lib/libnss_files-2.12.so
f6b4b000-f6b62000 r-xp 00000000 fd:00 795131                             /lib/libnsl-2.12.so
f6b62000-f6b63000 r-xp 00016000 fd:00 795131                             /lib/libnsl-2.12.so
f6b63000-f6b64000 rwxp 00017000 fd:00 795131                             /lib/libnsl-2.12.so
f6b64000-f6b66000 rwxp 00000000 00:00 0 
f6b77000-f6b86000 r-xp 00000000 fd:00 3159836                            /usr/java/jdk1.6.0_17/jre/lib/i386/libzip.so
f6b86000-f6b88000 rwxp 0000e000 fd:00 3159836                            /usr/java/jdk1.6.0_17/jre/lib/i386/libzip.so
f6b88000-f6bab000 r-xp 00000000 fd:00 3159829                            /usr/java/jdk1.6.0_17/jre/lib/i386/libjava.so
f6bab000-f6bad000 rwxp 00023000 fd:00 3159829                            /usr/java/jdk1.6.0_17/jre/lib/i386/libjava.so
f6bad000-f6bb0000 ---p 00000000 00:00 0 
f6bb0000-f6bfe000 rwxp 00000000 00:00 0 
f6bfe000-f72cb000 r-xp 00000000 fd:00 402981                             /usr/java/jdk1.6.0_17/jre/lib/i386/server/libjvm.so
f72cb000-f7319000 rwxp 006cc000 fd:00 402981                             /usr/java/jdk1.6.0_17/jre/lib/i386/server/libjvm.so
f7319000-f773d000 rwxp 00000000 00:00 0 
f773d000-f7744000 r-xp 00000000 fd:00 270197                             /usr/java/jdk1.6.0_17/jre/lib/i386/jli/libjli.so
f7744000-f7746000 rwxp 00006000 fd:00 270197                             /usr/java/jdk1.6.0_17/jre/lib/i386/jli/libjli.so
f774b000-f7753000 rwxs 00000000 fd:00 3541564                            /tmp/hsperfdata_acpm/17536
f7753000-f7759000 r-xp 00000000 fd:00 532097                             /usr/java/jdk1.6.0_17/jre/lib/i386/native_threads/libhpi.so
f7759000-f775a000 rwxp 00006000 fd:00 532097                             /usr/java/jdk1.6.0_17/jre/lib/i386/native_threads/libhpi.so
f775a000-f775b000 rwxp 00000000 00:00 0 
f775b000-f775c000 r-xp 00000000 00:00 0 
f775c000-f7767000 r-xp 00000000 fd:00 3159834                            /usr/java/jdk1.6.0_17/jre/lib/i386/libverify.so
f7767000-f7768000 rwxp 0000b000 fd:00 3159834                            /usr/java/jdk1.6.0_17/jre/lib/i386/libverify.so
f7768000-f7769000 rwxp 00000000 00:00 0 
f7769000-f776a000 r-xp 00000000 00:00 0                                  [vdso]
ffdf7000-ffe0c000 rwxp 00000000 00:00 0                                  [stack]

VM Arguments:
jvm_args: -Dfile.encoding=UTF-8 
java_command: migraçãotempo.MigraçãoTempo
Launcher Type: SUN_STANDARD

Environment Variables:
JAVA_HOME=/usr/java/jdk1.6.0_17
JRE_HOME=/usr/java/jdk1.6.0_17/jre/
CLASSPATH=/usr/java/jdk1.6.0_17/lib/:.
PATH=/usr/lib64/qt-3.3/bin:/usr/local/bin:/usr/bin:/bin:/usr/local/sbin:/usr/sbin:/sbin:/usr/java/jdk1.6.0_17/bin:/usr/local/apache-maven-2.2.1/bin:/home/acpm/bin
USERNAME=acpm
LD_LIBRARY_PATH=/usr/java/jdk1.6.0_17/jre/lib/i386/server:/usr/java/jdk1.6.0_17/jre/lib/i386:/usr/java/jdk1.6.0_17/jre/../lib/i386:/usr/java/jdk1.8.0_60/jre/lib/amd64:/usr/java/jdk1.8.0_60/jre/lib/i386:
SHELL=/bin/bash
DISPLAY=localhost:0.0

Signal Handlers:
SIGSEGV: [libjvm.so+0x650710], sa_mask[0]=0x7ffbfeff, sa_flags=0x10000004
SIGBUS: [libjvm.so+0x650710], sa_mask[0]=0x7ffbfeff, sa_flags=0x10000004
SIGFPE: [libjvm.so+0x52f600], sa_mask[0]=0x7ffbfeff, sa_flags=0x10000004
SIGPIPE: [libjvm.so+0x52f600], sa_mask[0]=0x7ffbfeff, sa_flags=0x10000004
SIGXFSZ: [libjvm.so+0x52f600], sa_mask[0]=0x7ffbfeff, sa_flags=0x10000004
SIGILL: [libjvm.so+0x52f600], sa_mask[0]=0x7ffbfeff, sa_flags=0x10000004
SIGUSR1: SIG_DFL, sa_mask[0]=0x00000000, sa_flags=0x00000000
SIGUSR2: [libjvm.so+0x5321f0], sa_mask[0]=0x00000004, sa_flags=0x10000004
SIGHUP: SIG_DFL, sa_mask[0]=0x00000000, sa_flags=0x00000000
SIGINT: SIG_IGN, sa_mask[0]=0x00000000, sa_flags=0x00000000
SIGTERM: SIG_DFL, sa_mask[0]=0x00000000, sa_flags=0x00000000
SIGQUIT: SIG_DFL, sa_mask[0]=0x00000000, sa_flags=0x00000000


---------------  S Y S T E M  ---------------

OS:CentOS release 6.5 (Final)

uname:Linux 2.6.32-431.17.1.el6.centos.plus.x86_64 #1 SMP Thu May 8 02:18:11 UTC 2014 x86_64
libc:glibc 2.12 NPTL 2.12 
rlimit: STACK 10240k, CORE 0k, NPROC 1024, NOFILE 4096, AS infinity
load average:1.30 1.17 1.27

CPU:total 4 (16 cores per cpu, 2 threads per core) family 6 model 45 stepping 7, cmov, cx8, fxsr, mmx, sse, sse2, sse3, ssse3, sse4.1, sse4.2, ht

Memory: 4k page, physical 32834592k(239536k free), swap 4194296k(3879556k free)

vm_info: Java HotSpot(TM) Server VM (14.3-b01) for linux-x86 JRE (1.6.0_17-b04), built on Oct 11 2009 01:01:36 by "java_re" with gcc 3.2.1-7a (J2SE release)

time: Fri May 20 09:22:49 2016
elapsed time: 0 seconds

